This is pdfTeX, Version 3.14159265-2.6-1.40.21 (TeX Live 2020/W32TeX) (preloaded format=pdflatex 2020.4.23)  14 MAY 2020 20:11
entering extended mode
 restricted \write18 enabled.
 file:line:error style messages enabled.
 %&-line parsing enabled.
**e:/Notes/TaoTeChing/TaoTeChing.tex
(e:/Notes/TaoTeChing/TaoTeChing.tex
LaTeX2e <2020-02-02> patch level 5
L3 programming layer <2020-04-06> (f:/texlive/2020/texmf-dist/tex/latex/base/book.cls
Document Class: book 2019/12/20 v1.4l Standard LaTeX document class
(f:/texlive/2020/texmf-dist/tex/latex/base/bk12.clo
File: bk12.clo 2019/12/20 v1.4l Standard LaTeX file (size option)
)
\c@part=\count167
\c@chapter=\count168
\c@section=\count169
\c@subsection=\count170
\c@subsubsection=\count171
\c@paragraph=\count172
\c@subparagraph=\count173
\c@figure=\count174
\c@table=\count175
\abovecaptionskip=\skip47
\belowcaptionskip=\skip48
\bibindent=\dimen134
) (f:/texlive/2020/texmf-dist/tex/latex/tools/verbatim.sty
Package: verbatim 2019/11/10 v1.5r LaTeX2e package for verbatim enhancements
\every@verbatim=\toks15
\verbatim@line=\toks16
\verbatim@in@stream=\read2
) (f:/texlive/2020/texmf-dist/tex/latex/amsmath/amsmath.sty
Package: amsmath 2020/01/20 v2.17e AMS math features
\@mathmargin=\skip49

For additional information on amsmath, use the `?' option.
(f:/texlive/2020/texmf-dist/tex/latex/amsmath/amstext.sty
Package: amstext 2000/06/29 v2.01 AMS text
 (f:/texlive/2020/texmf-dist/tex/latex/amsmath/amsgen.sty
File: amsgen.sty 1999/11/30 v2.0 generic functions
\@emptytoks=\toks17
\ex@=\dimen135
)) (f:/texlive/2020/texmf-dist/tex/latex/amsmath/amsbsy.sty
Package: amsbsy 1999/11/29 v1.2d Bold Symbols
\pmbraise@=\dimen136
) (f:/texlive/2020/texmf-dist/tex/latex/amsmath/amsopn.sty
Package: amsopn 2016/03/08 v2.02 operator names
)
\inf@bad=\count176
LaTeX Info: Redefining \frac on input line 227.
\uproot@=\count177
\leftroot@=\count178
LaTeX Info: Redefining \overline on input line 389.
\classnum@=\count179
\DOTSCASE@=\count180
LaTeX Info: Redefining \ldots on input line 486.
LaTeX Info: Redefining \dots on input line 489.
LaTeX Info: Redefining \cdots on input line 610.
\Mathstrutbox@=\box45
\strutbox@=\box46
\big@size=\dimen137
LaTeX Font Info:    Redeclaring font encoding OML on input line 733.
LaTeX Font Info:    Redeclaring font encoding OMS on input line 734.
\macc@depth=\count181
\c@MaxMatrixCols=\count182
\dotsspace@=\muskip16
\c@parentequation=\count183
\dspbrk@lvl=\count184
\tag@help=\toks18
\row@=\count185
\column@=\count186
\maxfields@=\count187
\andhelp@=\toks19
\eqnshift@=\dimen138
\alignsep@=\dimen139
\tagshift@=\dimen140
\tagwidth@=\dimen141
\totwidth@=\dimen142
\lineht@=\dimen143
\@envbody=\toks20
\multlinegap=\skip50
\multlinetaggap=\skip51
\mathdisplay@stack=\toks21
LaTeX Info: Redefining \[ on input line 2859.
LaTeX Info: Redefining \] on input line 2860.
) (f:/texlive/2020/texmf-dist/tex/latex/base/textcomp.sty
Package: textcomp 2020/02/02 v2.0n Standard LaTeX package
) (f:/texlive/2020/texmf-dist/tex/latex/eurosym/eurosym.sty
Package: eurosym 1998/08/06 v1.1 European currency symbol ``Euro''
\@eurobox=\box47
) (f:/texlive/2020/texmf-dist/tex/latex/cjk/texinput/CJKutf8.sty
Package: CJKutf8 2015/04/18 4.8.4
 (f:/texlive/2020/texmf-dist/tex/generic/iftex/ifpdf.sty
Package: ifpdf 2019/10/25 v3.4 ifpdf legacy package. Use iftex instead.
 (f:/texlive/2020/texmf-dist/tex/generic/iftex/iftex.sty
Package: iftex 2020/03/06 v1.0d TeX engine tests
)) (f:/texlive/2020/texmf-dist/tex/latex/base/inputenc.sty
Package: inputenc 2018/08/11 v1.3c Input encoding file
\inpenc@prehook=\toks22
\inpenc@posthook=\toks23
) (f:/texlive/2020/texmf-dist/tex/latex/cjk/texinput/CJK.sty
Package: CJK 2015/04/18 4.8.4
 (f:/texlive/2020/texmf-dist/tex/latex/cjk/texinput/mule/MULEenc.sty
Package: MULEenc 2015/04/18 4.8.4
) (f:/texlive/2020/texmf-dist/tex/latex/cjk/texinput/CJK.enc
File: CJK.enc 2015/04/18 4.8.4
Now handling font encoding C00 ...
... no UTF-8 mapping file for font encoding C00
Now handling font encoding C05 ...
... no UTF-8 mapping file for font encoding C05
Now handling font encoding C09 ...
... no UTF-8 mapping file for font encoding C09
Now handling font encoding C10 ...
... no UTF-8 mapping file for font encoding C10
Now handling font encoding C20 ...
... no UTF-8 mapping file for font encoding C20
Now handling font encoding C19 ...
... no UTF-8 mapping file for font encoding C19
Now handling font encoding C40 ...
... no UTF-8 mapping file for font encoding C40
Now handling font encoding C42 ...
... no UTF-8 mapping file for font encoding C42
Now handling font encoding C43 ...
... no UTF-8 mapping file for font encoding C43
Now handling font encoding C50 ...
... no UTF-8 mapping file for font encoding C50
Now handling font encoding C52 ...
... no UTF-8 mapping file for font encoding C52
Now handling font encoding C49 ...
... no UTF-8 mapping file for font encoding C49
Now handling font encoding C60 ...
... no UTF-8 mapping file for font encoding C60
Now handling font encoding C61 ...
... no UTF-8 mapping file for font encoding C61
Now handling font encoding C63 ...
... no UTF-8 mapping file for font encoding C63
Now handling font encoding C64 ...
... no UTF-8 mapping file for font encoding C64
Now handling font encoding C65 ...
... no UTF-8 mapping file for font encoding C65
Now handling font encoding C70 ...
... no UTF-8 mapping file for font encoding C70
Now handling font encoding C31 ...
... no UTF-8 mapping file for font encoding C31
Now handling font encoding C32 ...
... no UTF-8 mapping file for font encoding C32
Now handling font encoding C33 ...
... no UTF-8 mapping file for font encoding C33
Now handling font encoding C34 ...
... no UTF-8 mapping file for font encoding C34
Now handling font encoding C35 ...
... no UTF-8 mapping file for font encoding C35
Now handling font encoding C36 ...
... no UTF-8 mapping file for font encoding C36
Now handling font encoding C37 ...
... no UTF-8 mapping file for font encoding C37
Now handling font encoding C80 ...
... no UTF-8 mapping file for font encoding C80
Now handling font encoding C81 ...
... no UTF-8 mapping file for font encoding C81
Now handling font encoding C01 ...
... no UTF-8 mapping file for font encoding C01
Now handling font encoding C11 ...
... no UTF-8 mapping file for font encoding C11
Now handling font encoding C21 ...
... no UTF-8 mapping file for font encoding C21
Now handling font encoding C41 ...
... no UTF-8 mapping file for font encoding C41
Now handling font encoding C62 ...
... no UTF-8 mapping file for font encoding C62
)
LaTeX Info: Redefining \selectfont on input line 755.
\CJK@indent=\box48
) (f:/texlive/2020/texmf-dist/tex/latex/base/fontenc.sty
Package: fontenc 2020/02/11 v2.0o Standard LaTeX package
)) (f:/texlive/2020/texmf-dist/tex/latex/amsfonts/amsfonts.sty
Package: amsfonts 2013/01/14 v3.01 Basic AMSFonts support
\symAMSa=\mathgroup4
\symAMSb=\mathgroup5
LaTeX Font Info:    Redeclaring math symbol \hbar on input line 98.
LaTeX Font Info:    Overwriting math alphabet `\mathfrak' in version `bold'
(Font)                  U/euf/m/n --> U/euf/b/n on input line 106.
) (f:/texlive/2020/texmf-dist/tex/latex/graphics/graphicx.sty
Package: graphicx 2019/11/30 v1.2a Enhanced LaTeX Graphics (DPC,SPQR)
 (f:/texlive/2020/texmf-dist/tex/latex/graphics/keyval.sty
Package: keyval 2014/10/28 v1.15 key=value parser (DPC)
\KV@toks@=\toks24
) (f:/texlive/2020/texmf-dist/tex/latex/graphics/graphics.sty
Package: graphics 2019/11/30 v1.4a Standard LaTeX Graphics (DPC,SPQR)
 (f:/texlive/2020/texmf-dist/tex/latex/graphics/trig.sty
Package: trig 2016/01/03 v1.10 sin cos tan (DPC)
) (f:/texlive/2020/texmf-dist/tex/latex/graphics-cfg/graphics.cfg
File: graphics.cfg 2016/06/04 v1.11 sample graphics configuration
)
Package graphics Info: Driver file: pdftex.def on input line 105.
 (f:/texlive/2020/texmf-dist/tex/latex/graphics-def/pdftex.def
File: pdftex.def 2018/01/08 v1.0l Graphics/color driver for pdftex
))
\Gin@req@height=\dimen144
\Gin@req@width=\dimen145
) (f:/texlive/2020/texmf-dist/tex/latex/base/makeidx.sty
Package: makeidx 2014/09/29 v1.0m Standard LaTeX package
) (f:/texlive/2020/texmf-dist/tex/latex/hyperref/hyperref.sty
Package: hyperref 2020/01/14 v7.00d Hypertext links for LaTeX
 (f:/texlive/2020/texmf-dist/tex/generic/ltxcmds/ltxcmds.sty
Package: ltxcmds 2019/12/15 v1.24 LaTeX kernel commands for general use (HO)
) (f:/texlive/2020/texmf-dist/tex/latex/pdftexcmds/pdftexcmds.sty
Package: pdftexcmds 2019/11/24 v0.31 Utility functions of pdfTeX for LuaTeX (HO)
 (f:/texlive/2020/texmf-dist/tex/generic/infwarerr/infwarerr.sty
Package: infwarerr 2019/12/03 v1.5 Providing info/warning/error messages (HO)
)
Package pdftexcmds Info: \pdf@primitive is available.
Package pdftexcmds Info: \pdf@ifprimitive is available.
Package pdftexcmds Info: \pdfdraftmode found.
) (f:/texlive/2020/texmf-dist/tex/generic/kvsetkeys/kvsetkeys.sty
Package: kvsetkeys 2019/12/15 v1.18 Key value parser (HO)
) (f:/texlive/2020/texmf-dist/tex/generic/kvdefinekeys/kvdefinekeys.sty
Package: kvdefinekeys 2019-12-19 v1.6 Define keys (HO)
) (f:/texlive/2020/texmf-dist/tex/generic/pdfescape/pdfescape.sty
Package: pdfescape 2019/12/09 v1.15 Implements pdfTeX's escape features (HO)
) (f:/texlive/2020/texmf-dist/tex/latex/hycolor/hycolor.sty
Package: hycolor 2020-01-27 v1.10 Color options for hyperref/bookmark (HO)
) (f:/texlive/2020/texmf-dist/tex/latex/letltxmacro/letltxmacro.sty
Package: letltxmacro 2019/12/03 v1.6 Let assignment for LaTeX macros (HO)
) (f:/texlive/2020/texmf-dist/tex/latex/auxhook/auxhook.sty
Package: auxhook 2019-12-17 v1.6 Hooks for auxiliary files (HO)
) (f:/texlive/2020/texmf-dist/tex/latex/kvoptions/kvoptions.sty
Package: kvoptions 2019/11/29 v3.13 Key value format for package options (HO)
)
\@linkdim=\dimen146
\Hy@linkcounter=\count188
\Hy@pagecounter=\count189
 (f:/texlive/2020/texmf-dist/tex/latex/hyperref/pd1enc.def
File: pd1enc.def 2020/01/14 v7.00d Hyperref: PDFDocEncoding definition (HO)
Now handling font encoding PD1 ...
... no UTF-8 mapping file for font encoding PD1
) (f:/texlive/2020/texmf-dist/tex/generic/intcalc/intcalc.sty
Package: intcalc 2019/12/15 v1.3 Expandable calculations with integers (HO)
) (f:/texlive/2020/texmf-dist/tex/generic/etexcmds/etexcmds.sty
Package: etexcmds 2019/12/15 v1.7 Avoid name clashes with e-TeX commands (HO)
)
\Hy@SavedSpaceFactor=\count190
Package hyperref Info: Option `colorlinks' set `true' on input line 4421.
Package hyperref Info: Hyper figures OFF on input line 4547.
Package hyperref Info: Link nesting OFF on input line 4552.
Package hyperref Info: Hyper index ON on input line 4555.
Package hyperref Info: Plain pages OFF on input line 4562.
Package hyperref Info: Backreferencing OFF on input line 4567.
Package hyperref Info: Implicit mode ON; LaTeX internals redefined.
Package hyperref Info: Bookmarks ON on input line 4800.
\c@Hy@tempcnt=\count191
 (f:/texlive/2020/texmf-dist/tex/latex/url/url.sty
\Urlmuskip=\muskip17
Package: url 2013/09/16  ver 3.4  Verb mode for urls, etc.
)
LaTeX Info: Redefining \url on input line 5159.
\XeTeXLinkMargin=\dimen147
 (f:/texlive/2020/texmf-dist/tex/generic/bitset/bitset.sty
Package: bitset 2019/12/09 v1.3 Handle bit-vector datatype (HO)
 (f:/texlive/2020/texmf-dist/tex/generic/bigintcalc/bigintcalc.sty
Package: bigintcalc 2019/12/15 v1.5 Expandable calculations on big integers (HO)
))
\Fld@menulength=\count192
\Field@Width=\dimen148
\Fld@charsize=\dimen149
Package hyperref Info: Hyper figures OFF on input line 6430.
Package hyperref Info: Link nesting OFF on input line 6435.
Package hyperref Info: Hyper index ON on input line 6438.
Package hyperref Info: backreferencing OFF on input line 6445.
Package hyperref Info: Link coloring ON on input line 6448.
Package hyperref Info: Link coloring with OCG OFF on input line 6455.
Package hyperref Info: PDF/A mode OFF on input line 6460.
LaTeX Info: Redefining \ref on input line 6500.
LaTeX Info: Redefining \pageref on input line 6504.
 (f:/texlive/2020/texmf-dist/tex/generic/atbegshi/atbegshi.sty
Package: atbegshi 2019/12/05 v1.19 At begin shipout hook (HO)
)
\Hy@abspage=\count193
\c@Item=\count194
\c@Hfootnote=\count195
)
Package hyperref Info: Driver (autodetected): hpdftex.
 (f:/texlive/2020/texmf-dist/tex/latex/hyperref/hpdftex.def
File: hpdftex.def 2020/01/14 v7.00d Hyperref driver for pdfTeX
 (f:/texlive/2020/texmf-dist/tex/latex/atveryend/atveryend.sty
Package: atveryend 2019-12-11 v1.11 Hooks at the very end of document (HO)
Package atveryend Info: \enddocument detected (standard20110627).
)
\Fld@listcount=\count196
\c@bookmark@seq@number=\count197
 (f:/texlive/2020/texmf-dist/tex/latex/rerunfilecheck/rerunfilecheck.sty
Package: rerunfilecheck 2019/12/05 v1.9 Rerun checks for auxiliary files (HO)
 (f:/texlive/2020/texmf-dist/tex/generic/uniquecounter/uniquecounter.sty
Package: uniquecounter 2019/12/15 v1.4 Provide unlimited unique counter (HO)
)
Package uniquecounter Info: New unique counter `rerunfilecheck' on input line 286.
)
\Hy@SectionHShift=\skip52
) (f:/texlive/2020/texmf-dist/tex/latex/fancyhdr/fancyhdr.sty
Package: fancyhdr 2019/01/31 v3.10 Extensive control of page headers and footers
\f@nch@headwidth=\skip53
\f@nch@O@elh=\skip54
\f@nch@O@erh=\skip55
\f@nch@O@olh=\skip56
\f@nch@O@orh=\skip57
\f@nch@O@elf=\skip58
\f@nch@O@erf=\skip59
\f@nch@O@olf=\skip60
\f@nch@O@orf=\skip61
) (f:/texlive/2020/texmf-dist/tex/latex/xcolor/xcolor.sty
Package: xcolor 2016/05/11 v2.12 LaTeX color extensions (UK)
 (f:/texlive/2020/texmf-dist/tex/latex/graphics-cfg/color.cfg
File: color.cfg 2016/01/02 v1.6 sample color configuration
)
Package xcolor Info: Driver file: pdftex.def on input line 225.
Package xcolor Info: Model `cmy' substituted by `cmy0' on input line 1348.
Package xcolor Info: Model `hsb' substituted by `rgb' on input line 1352.
Package xcolor Info: Model `RGB' extended on input line 1364.
Package xcolor Info: Model `HTML' substituted by `rgb' on input line 1366.
Package xcolor Info: Model `Hsb' substituted by `hsb' on input line 1367.
Package xcolor Info: Model `tHsb' substituted by `hsb' on input line 1368.
Package xcolor Info: Model `HSB' substituted by `hsb' on input line 1369.
Package xcolor Info: Model `Gray' substituted by `gray' on input line 1370.
Package xcolor Info: Model `wave' substituted by `hsb' on input line 1371.
) (f:/texlive/2020/texmf-dist/tex/latex/l3backend/l3backend-pdfmode.def
File: l3backend-pdfmode.def 2020-03-12 L3 backend support: PDF mode
\l__kernel_color_stack_int=\count198
\l__pdf_internal_box=\box49
) (e:/Notes/TaoTeChing/TaoTeChing.aux)
\openout1 = `TaoTeChing.aux'.

LaTeX Font Info:    Checking defaults for OML/cmm/m/it on input line 13.
LaTeX Font Info:    ... okay on input line 13.
LaTeX Font Info:    Checking defaults for OMS/cmsy/m/n on input line 13.
LaTeX Font Info:    ... okay on input line 13.
LaTeX Font Info:    Checking defaults for OT1/cmr/m/n on input line 13.
LaTeX Font Info:    ... okay on input line 13.
LaTeX Font Info:    Checking defaults for T1/cmr/m/n on input line 13.
LaTeX Font Info:    ... okay on input line 13.
LaTeX Font Info:    Checking defaults for TS1/cmr/m/n on input line 13.
LaTeX Font Info:    ... okay on input line 13.
LaTeX Font Info:    Checking defaults for OMX/cmex/m/n on input line 13.
LaTeX Font Info:    ... okay on input line 13.
LaTeX Font Info:    Checking defaults for U/cmr/m/n on input line 13.
LaTeX Font Info:    ... okay on input line 13.
LaTeX Font Info:    Checking defaults for C00/song/m/n on input line 13.
LaTeX Font Info:    ... okay on input line 13.
LaTeX Font Info:    Checking defaults for C05/song/m/n on input line 13.
LaTeX Font Info:    ... okay on input line 13.
LaTeX Font Info:    Checking defaults for C09/song/m/n on input line 13.
LaTeX Font Info:    ... okay on input line 13.
LaTeX Font Info:    Checking defaults for C10/song/m/n on input line 13.
LaTeX Font Info:    ... okay on input line 13.
LaTeX Font Info:    Checking defaults for C20/song/m/n on input line 13.
LaTeX Font Info:    ... okay on input line 13.
LaTeX Font Info:    Checking defaults for C19/song/m/n on input line 13.
LaTeX Font Info:    ... okay on input line 13.
LaTeX Font Info:    Checking defaults for C40/song/m/n on input line 13.
LaTeX Font Info:    ... okay on input line 13.
LaTeX Font Info:    Checking defaults for C42/song/m/n on input line 13.
LaTeX Font Info:    ... okay on input line 13.
LaTeX Font Info:    Checking defaults for C43/song/m/n on input line 13.
LaTeX Font Info:    ... okay on input line 13.
LaTeX Font Info:    Checking defaults for C50/song/m/n on input line 13.
LaTeX Font Info:    ... okay on input line 13.
LaTeX Font Info:    Checking defaults for C52/song/m/n on input line 13.
LaTeX Font Info:    ... okay on input line 13.
LaTeX Font Info:    Checking defaults for C49/song/m/n on input line 13.
LaTeX Font Info:    ... okay on input line 13.
LaTeX Font Info:    Checking defaults for C60/mj/m/n on input line 13.
LaTeX Font Info:    ... okay on input line 13.
LaTeX Font Info:    Checking defaults for C61/mj/m/n on input line 13.
LaTeX Font Info:    ... okay on input line 13.
LaTeX Font Info:    Checking defaults for C63/mj/m/n on input line 13.
LaTeX Font Info:    ... okay on input line 13.
LaTeX Font Info:    Checking defaults for C64/mj/m/n on input line 13.
LaTeX Font Info:    ... okay on input line 13.
LaTeX Font Info:    Checking defaults for C65/mj/m/n on input line 13.
LaTeX Font Info:    ... okay on input line 13.
LaTeX Font Info:    Checking defaults for C70/song/m/n on input line 13.
LaTeX Font Info:    ... okay on input line 13.
LaTeX Font Info:    Checking defaults for C31/song/m/n on input line 13.
LaTeX Font Info:    ... okay on input line 13.
LaTeX Font Info:    Checking defaults for C32/song/m/n on input line 13.
LaTeX Font Info:    ... okay on input line 13.
LaTeX Font Info:    Checking defaults for C33/song/m/n on input line 13.
LaTeX Font Info:    ... okay on input line 13.
LaTeX Font Info:    Checking defaults for C34/song/m/n on input line 13.
LaTeX Font Info:    ... okay on input line 13.
LaTeX Font Info:    Checking defaults for C35/song/m/n on input line 13.
LaTeX Font Info:    ... okay on input line 13.
LaTeX Font Info:    Checking defaults for C36/song/m/n on input line 13.
LaTeX Font Info:    ... okay on input line 13.
LaTeX Font Info:    Checking defaults for C37/song/m/n on input line 13.
LaTeX Font Info:    ... okay on input line 13.
LaTeX Font Info:    Checking defaults for C80/song/m/n on input line 13.
LaTeX Font Info:    ... okay on input line 13.
LaTeX Font Info:    Checking defaults for C81/song/m/n on input line 13.
LaTeX Font Info:    ... okay on input line 13.
LaTeX Font Info:    Checking defaults for C01/song/m/n on input line 13.
LaTeX Font Info:    ... okay on input line 13.
LaTeX Font Info:    Checking defaults for C11/song/m/n on input line 13.
LaTeX Font Info:    ... okay on input line 13.
LaTeX Font Info:    Checking defaults for C21/song/m/n on input line 13.
LaTeX Font Info:    ... okay on input line 13.
LaTeX Font Info:    Checking defaults for C41/song/m/n on input line 13.
LaTeX Font Info:    ... okay on input line 13.
LaTeX Font Info:    Checking defaults for C62/song/m/n on input line 13.
LaTeX Font Info:    ... okay on input line 13.
LaTeX Font Info:    Checking defaults for PD1/pdf/m/n on input line 13.
LaTeX Font Info:    ... okay on input line 13.
 (f:/texlive/2020/texmf-dist/tex/context/base/mkii/supp-pdf.mkii
[Loading MPS to PDF converter (version 2006.09.02).]
\scratchcounter=\count199
\scratchdimen=\dimen150
\scratchbox=\box50
\nofMPsegments=\count266
\nofMParguments=\count267
\everyMPshowfont=\toks25
\MPscratchCnt=\count268
\MPscratchDim=\dimen151
\MPnumerator=\count269
\makeMPintoPDFobject=\count270
\everyMPtoPDFconversion=\toks26
) (f:/texlive/2020/texmf-dist/tex/latex/epstopdf-pkg/epstopdf-base.sty
Package: epstopdf-base 2020-01-24 v2.11 Base part for package epstopdf
Package epstopdf-base Info: Redefining graphics rule for `.eps' on input line 485.
 (f:/texlive/2020/texmf-dist/tex/latex/latexconfig/epstopdf-sys.cfg
File: epstopdf-sys.cfg 2010/07/13 v1.3 Configuration of (r)epstopdf for TeX Live
))
\AtBeginShipoutBox=\box51
Package hyperref Info: Link coloring ON on input line 13.
 (f:/texlive/2020/texmf-dist/tex/latex/hyperref/nameref.sty
Package: nameref 2019/09/16 v2.46 Cross-referencing by name of section
 (f:/texlive/2020/texmf-dist/tex/latex/refcount/refcount.sty
Package: refcount 2019/12/15 v3.6 Data extraction from label references (HO)
) (f:/texlive/2020/texmf-dist/tex/generic/gettitlestring/gettitlestring.sty
Package: gettitlestring 2019/12/15 v1.6 Cleanup title references (HO)
)
\c@section@level=\count271
)
LaTeX Info: Redefining \ref on input line 13.
LaTeX Info: Redefining \pageref on input line 13.
LaTeX Info: Redefining \nameref on input line 13.
 (e:/Notes/TaoTeChing/TaoTeChing.out) (e:/Notes/TaoTeChing/TaoTeChing.out)
\@outlinefile=\write3
\openout3 = `TaoTeChing.out'.

LaTeX Font Info:    Trying to load font information for U+msa on input line 20.
 (f:/texlive/2020/texmf-dist/tex/latex/amsfonts/umsa.fd
File: umsa.fd 2013/01/14 v3.01 AMS symbols A
)
LaTeX Font Info:    Trying to load font information for U+msb on input line 20.
 (f:/texlive/2020/texmf-dist/tex/latex/amsfonts/umsb.fd
File: umsb.fd 2013/01/14 v3.01 AMS symbols B
) [1


{f:/texlive/2020/texmf-var/fonts/map/pdftex/updmap/pdftex.map}]pdfTeX warning (ext4): destination with the same identifier (name{page.1}) has been already used, duplicate ignored
<to be read again> 
                   \relax 
l.25 \mainmatter
                 [1

]
Underfull \hbox (badness 10000) in paragraph at lines 31--49

 []


Underfull \hbox (badness 10000) in paragraph at lines 31--49

 []


Underfull \hbox (badness 10000) in paragraph at lines 31--49

 []


Underfull \hbox (badness 10000) in paragraph at lines 31--49

 []


Underfull \hbox (badness 10000) in paragraph at lines 31--49

 []

pdfTeX warning (ext4): destination with the same identifier (name{page.1}) has been already used, duplicate ignored
<to be read again> 
                   \relax 
l.50 \chapter
             *{2} [1


]
Underfull \hbox (badness 10000) in paragraph at lines 51--71

 []


Underfull \hbox (badness 10000) in paragraph at lines 51--71

 []


Underfull \hbox (badness 10000) in paragraph at lines 51--71

 []

[2

]
Underfull \hbox (badness 10000) in paragraph at lines 73--89

 []


Underfull \hbox (badness 10000) in paragraph at lines 73--89

 []

[3

]
Underfull \hbox (badness 10000) in paragraph at lines 91--99

 []


Underfull \hbox (badness 10000) in paragraph at lines 91--99

 []

[4

]
Underfull \hbox (badness 10000) in paragraph at lines 101--112

 []


Underfull \hbox (badness 10000) in paragraph at lines 101--112

 []


Underfull \hbox (badness 10000) in paragraph at lines 101--112

 []

[5

]
Underfull \hbox (badness 10000) in paragraph at lines 114--120

 []


Underfull \hbox (badness 10000) in paragraph at lines 114--120

 []

[6

]
Underfull \hbox (badness 10000) in paragraph at lines 122--135

 []


Underfull \hbox (badness 10000) in paragraph at lines 122--135

 []

[7

]
Underfull \hbox (badness 10000) in paragraph at lines 137--151

 []


Underfull \hbox (badness 10000) in paragraph at lines 137--151

 []

[8

]
Underfull \hbox (badness 10000) in paragraph at lines 153--164

 []


Underfull \hbox (badness 10000) in paragraph at lines 153--164

 []

[9

]
Underfull \hbox (badness 10000) in paragraph at lines 166--184

 []


Underfull \hbox (badness 10000) in paragraph at lines 166--184

 []

[10

]
Underfull \hbox (badness 10000) in paragraph at lines 186--200

 []


Underfull \hbox (badness 10000) in paragraph at lines 186--200

 []


Underfull \hbox (badness 10000) in paragraph at lines 186--200

 []


Underfull \hbox (badness 10000) in paragraph at lines 186--200

 []

[11

]
Underfull \hbox (badness 10000) in paragraph at lines 202--212

 []


Underfull \hbox (badness 10000) in paragraph at lines 202--212

 []

[12

]
Underfull \hbox (badness 10000) in paragraph at lines 214--233

 []


Underfull \hbox (badness 10000) in paragraph at lines 214--233

 []


Underfull \hbox (badness 10000) in paragraph at lines 214--233

 []


Underfull \hbox (badness 10000) in paragraph at lines 214--233

 []

[13

]
Underfull \hbox (badness 10000) in paragraph at lines 235--253

 []


Underfull \hbox (badness 10000) in paragraph at lines 235--253

 []


Underfull \hbox (badness 10000) in paragraph at lines 235--253

 []

[14

]
Underfull \hbox (badness 10000) in paragraph at lines 255--277

 []


Underfull \hbox (badness 10000) in paragraph at lines 255--277

 []


Underfull \hbox (badness 10000) in paragraph at lines 255--277

 []

[15

]
Underfull \hbox (badness 10000) in paragraph at lines 279--298

 []


Underfull \hbox (badness 10000) in paragraph at lines 279--298

 []

[16

]
Underfull \hbox (badness 10000) in paragraph at lines 300--313

 []


Underfull \hbox (badness 10000) in paragraph at lines 300--313

 []


Underfull \hbox (badness 10000) in paragraph at lines 300--313

 []

[17

]
Underfull \hbox (badness 10000) in paragraph at lines 315--323

 []

[18

]
Underfull \hbox (badness 10000) in paragraph at lines 325--335

 []


Underfull \hbox (badness 10000) in paragraph at lines 325--335

 []

[19

]
Underfull \hbox (badness 10000) in paragraph at lines 337--367

 []


Underfull \hbox (badness 10000) in paragraph at lines 337--367

 []


Underfull \hbox (badness 10000) in paragraph at lines 337--367

 []


Underfull \hbox (badness 10000) in paragraph at lines 337--367

 []


Underfull \hbox (badness 10000) in paragraph at lines 337--367

 []

[20

] [21]
Underfull \hbox (badness 10000) in paragraph at lines 369--386

 []


Underfull \hbox (badness 10000) in paragraph at lines 369--386

 []


Underfull \hbox (badness 10000) in paragraph at lines 369--386

 []


Underfull \hbox (badness 10000) in paragraph at lines 369--386

 []

[22

]
Underfull \hbox (badness 10000) in paragraph at lines 388--414

 []


Underfull \hbox (badness 10000) in paragraph at lines 388--414

 []

[23

] [24]
Underfull \hbox (badness 10000) in paragraph at lines 416--436

 []


Underfull \hbox (badness 10000) in paragraph at lines 416--436

 []


Underfull \hbox (badness 10000) in paragraph at lines 416--436

 []

[25

]
Underfull \hbox (badness 10000) in paragraph at lines 438--453

 []


Underfull \hbox (badness 10000) in paragraph at lines 438--453

 []

[26

]
Underfull \hbox (badness 10000) in paragraph at lines 455--478

 []


Underfull \hbox (badness 10000) in paragraph at lines 455--478

 []


Underfull \hbox (badness 10000) in paragraph at lines 455--478

 []

[27

] [28]
Underfull \hbox (badness 10000) in paragraph at lines 480--494

 []


Underfull \hbox (badness 10000) in paragraph at lines 480--494

 []


Underfull \hbox (badness 10000) in paragraph at lines 480--494

 []

[29

]
Underfull \hbox (badness 10000) in paragraph at lines 496--514

 []


Underfull \hbox (badness 10000) in paragraph at lines 496--514

 []


Underfull \hbox (badness 10000) in paragraph at lines 496--514

 []

[30

]
Underfull \hbox (badness 10000) in paragraph at lines 516--542

 []


Underfull \hbox (badness 10000) in paragraph at lines 516--542

 []


Underfull \hbox (badness 10000) in paragraph at lines 516--542

 []


Underfull \hbox (badness 10000) in paragraph at lines 516--542

 []

[31

] [32]
Underfull \hbox (badness 10000) in paragraph at lines 544--565

 []


Underfull \hbox (badness 10000) in paragraph at lines 544--565

 []


Underfull \hbox (badness 10000) in paragraph at lines 544--565

 []


Underfull \hbox (badness 10000) in paragraph at lines 544--565

 []

[33

]
Underfull \hbox (badness 10000) in paragraph at lines 567--586

 []


Underfull \hbox (badness 10000) in paragraph at lines 567--586

 []

[34

]
Underfull \hbox (badness 10000) in paragraph at lines 588--609

 []


Underfull \hbox (badness 10000) in paragraph at lines 588--609

 []


Underfull \hbox (badness 10000) in paragraph at lines 588--609

 []

[35

]
Underfull \hbox (badness 10000) in paragraph at lines 611--631

 []


Underfull \hbox (badness 10000) in paragraph at lines 611--631

 []


Underfull \hbox (badness 10000) in paragraph at lines 611--631

 []


Underfull \hbox (badness 10000) in paragraph at lines 611--631

 []

[36

]
Underfull \hbox (badness 10000) in paragraph at lines 633--643

 []


Underfull \hbox (badness 10000) in paragraph at lines 633--643

 []

[37

]
Underfull \hbox (badness 10000) in paragraph at lines 645--660

 []

[38

]
Underfull \hbox (badness 10000) in paragraph at lines 662--675

 []


Underfull \hbox (badness 10000) in paragraph at lines 662--675

 []

[39

]
Underfull \hbox (badness 10000) in paragraph at lines 677--690

 []


Underfull \hbox (badness 10000) in paragraph at lines 677--690

 []

[40

]
Underfull \hbox (badness 10000) in paragraph at lines 692--705

 []


Underfull \hbox (badness 10000) in paragraph at lines 692--705

 []


Underfull \hbox (badness 10000) in paragraph at lines 692--705

 []

[41

]
Underfull \hbox (badness 10000) in paragraph at lines 707--737

 []


Underfull \hbox (badness 10000) in paragraph at lines 707--737

 []


Underfull \hbox (badness 10000) in paragraph at lines 707--737

 []


Underfull \hbox (badness 10000) in paragraph at lines 707--737

 []


Underfull \hbox (badness 10000) in paragraph at lines 707--737

 []

[42

] [43]
Underfull \hbox (badness 10000) in paragraph at lines 739--759

 []


Underfull \hbox (badness 10000) in paragraph at lines 739--759

 []


Underfull \hbox (badness 10000) in paragraph at lines 739--759

 []

[44

]
Underfull \hbox (badness 10000) in paragraph at lines 761--766

 []


Underfull \hbox (badness 10000) in paragraph at lines 761--766

 []

[45

]
Underfull \hbox (badness 10000) in paragraph at lines 768--792

 []


Underfull \hbox (badness 10000) in paragraph at lines 768--792

 []


Underfull \hbox (badness 10000) in paragraph at lines 768--792

 []


Underfull \hbox (badness 10000) in paragraph at lines 768--792

 []

[46

] [47]
Underfull \hbox (badness 10000) in paragraph at lines 794--808

 []


Underfull \hbox (badness 10000) in paragraph at lines 794--808

 []


Underfull \hbox (badness 10000) in paragraph at lines 794--808

 []

[48

]
Underfull \hbox (badness 10000) in paragraph at lines 810--819

 []


Underfull \hbox (badness 10000) in paragraph at lines 810--819

 []

[49

]
Underfull \hbox (badness 10000) in paragraph at lines 821--834

 []


Underfull \hbox (badness 10000) in paragraph at lines 821--834

 []


Underfull \hbox (badness 10000) in paragraph at lines 821--834

 []

[50

]
Underfull \hbox (badness 10000) in paragraph at lines 836--849

 []


Underfull \hbox (badness 10000) in paragraph at lines 836--849

 []


Underfull \hbox (badness 10000) in paragraph at lines 836--849

 []

[51

]
Underfull \hbox (badness 10000) in paragraph at lines 851--862

 []


Underfull \hbox (badness 10000) in paragraph at lines 851--862

 []


Underfull \hbox (badness 10000) in paragraph at lines 851--862

 []

[52

]
Underfull \hbox (badness 10000) in paragraph at lines 864--875

 []


Underfull \hbox (badness 10000) in paragraph at lines 864--875

 []


Underfull \hbox (badness 10000) in paragraph at lines 864--875

 []

[53

]
Underfull \hbox (badness 10000) in paragraph at lines 877--889

 []


Underfull \hbox (badness 10000) in paragraph at lines 877--889

 []

[54

]
Underfull \hbox (badness 10000) in paragraph at lines 891--906

 []


Underfull \hbox (badness 10000) in paragraph at lines 891--906

 []


Underfull \hbox (badness 10000) in paragraph at lines 891--906

 []


Underfull \hbox (badness 10000) in paragraph at lines 891--906

 []

[55

]
Underfull \hbox (badness 10000) in paragraph at lines 908--920

 []

[56

]
Underfull \hbox (badness 10000) in paragraph at lines 922--940

 []


Underfull \hbox (badness 10000) in paragraph at lines 922--940

 []

[57

]
Underfull \hbox (badness 10000) in paragraph at lines 942--964

 []


Underfull \hbox (badness 10000) in paragraph at lines 942--964

 []


Underfull \hbox (badness 10000) in paragraph at lines 942--964

 []

[58

]
Underfull \hbox (badness 10000) in paragraph at lines 966--979

 []

[59

]
Underfull \hbox (badness 10000) in paragraph at lines 981--1000

 []


Underfull \hbox (badness 10000) in paragraph at lines 981--1000

 []

[60

]
Underfull \hbox (badness 10000) in paragraph at lines 1002--1021

 []


Underfull \hbox (badness 10000) in paragraph at lines 1002--1021

 []

[61

]
Underfull \hbox (badness 10000) in paragraph at lines 1023--1040

 []


Underfull \hbox (badness 10000) in paragraph at lines 1023--1040

 []

[62

]
Underfull \hbox (badness 10000) in paragraph at lines 1042--1064

 []


Underfull \hbox (badness 10000) in paragraph at lines 1042--1064

 []

[63

]
Underfull \hbox (badness 10000) in paragraph at lines 1066--1084

 []

[64

]
Underfull \hbox (badness 10000) in paragraph at lines 1086--1103

 []


Underfull \hbox (badness 10000) in paragraph at lines 1086--1103

 []

[65

]
Underfull \hbox (badness 10000) in paragraph at lines 1105--1116

 []


Underfull \hbox (badness 10000) in paragraph at lines 1105--1116

 []

[66

]
Underfull \hbox (badness 10000) in paragraph at lines 1118--1139

 []


Underfull \hbox (badness 10000) in paragraph at lines 1118--1139

 []

[67

]
Underfull \hbox (badness 10000) in paragraph at lines 1141--1161

 []


Underfull \hbox (badness 10000) in paragraph at lines 1141--1161

 []


Underfull \hbox (badness 10000) in paragraph at lines 1141--1161

 []

[68

]
Underfull \hbox (badness 10000) in paragraph at lines 1163--1178

 []

[69

]
Underfull \hbox (badness 10000) in paragraph at lines 1180--1209

 []


Underfull \hbox (badness 10000) in paragraph at lines 1180--1209

 []


Underfull \hbox (badness 10000) in paragraph at lines 1180--1209

 []

[70

] [71]
Underfull \hbox (badness 10000) in paragraph at lines 1211--1226

 []


Underfull \hbox (badness 10000) in paragraph at lines 1211--1226

 []

[72

]
Underfull \hbox (badness 10000) in paragraph at lines 1228--1244

 []


Underfull \hbox (badness 10000) in paragraph at lines 1228--1244

 []

[73

]
Underfull \hbox (badness 10000) in paragraph at lines 1246--1262

 []

[74

]
Underfull \hbox (badness 10000) in paragraph at lines 1264--1279

 []

[75

]
Underfull \hbox (badness 10000) in paragraph at lines 1281--1301

 []


Underfull \hbox (badness 10000) in paragraph at lines 1281--1301

 []


Underfull \hbox (badness 10000) in paragraph at lines 1281--1301

 []

[76

]
Underfull \hbox (badness 10000) in paragraph at lines 1303--1313

 []


Underfull \hbox (badness 10000) in paragraph at lines 1303--1313

 []

[77

]
Underfull \hbox (badness 10000) in paragraph at lines 1315--1323

 []

[78

]
Underfull \hbox (badness 10000) in paragraph at lines 1325--1334

 []

[79

]
Underfull \hbox (badness 10000) in paragraph at lines 1336--1345

 []

[80

]
Underfull \hbox (badness 10000) in paragraph at lines 1347--1356

 []

[81

]
Underfull \hbox (badness 10000) in paragraph at lines 1358--1365

 []

[82

]
Underfull \hbox (badness 10000) in paragraph at lines 1367--1379

 []


Underfull \hbox (badness 10000) in paragraph at lines 1367--1379

 []

[83

]
Underfull \hbox (badness 10000) in paragraph at lines 1381--1402

 []


Underfull \hbox (badness 10000) in paragraph at lines 1381--1402

 []

[84

]
Underfull \hbox (badness 10000) in paragraph at lines 1404--1421

 []


Underfull \hbox (badness 10000) in paragraph at lines 1404--1421

 []


Underfull \hbox (badness 10000) in paragraph at lines 1404--1421

 []

[85

]
Underfull \hbox (badness 10000) in paragraph at lines 1423--1432

 []

[86

] [87

]
Underfull \hbox (badness 10000) in paragraph at lines 1455--1468

 []


Underfull \hbox (badness 10000) in paragraph at lines 1455--1468

 []

Package atveryend Info: Empty hook `BeforeClearDocument' on input line 1478.
[88

]
Package atveryend Info: Empty hook `AfterLastShipout' on input line 1478.
 (e:/Notes/TaoTeChing/TaoTeChing.aux)
Package atveryend Info: Executing hook `AtVeryEndDocument' on input line 1478.
Package atveryend Info: Executing hook `AtEndAfterFileList' on input line 1478.
Package rerunfilecheck Info: File `TaoTeChing.out' has not changed.
(rerunfilecheck)             Checksum: D41D8CD98F00B204E9800998ECF8427E;0.
Package atveryend Info: Empty hook `AtVeryVeryEnd' on input line 1478.
 ) 
Here is how much of TeX's memory you used:
 7897 strings out of 480607
 109811 string characters out of 5907502
 386634 words of memory out of 5000000
 23447 multiletter control sequences out of 15000+600000
 536788 words of font info for 41 fonts, out of 8000000 for 9000
 1141 hyphenation exceptions out of 8191
 34i,11n,45p,247b,353s stack positions out of 5000i,500n,10000p,200000b,80000s
<f:/texlive/2020/texmf-dist/fonts/type1/public/amsfonts/cm/cmbx12.pfb><f:/texlive/2020/texmf-dist/fonts/type1/public/amsfonts/cm/cmcsc10.pfb><f:/texlive/2020/texmf-dist/fonts/type1/public/amsfonts/cm/cmr12.pfb><f:/texlive/2020/texmf-dist/fonts/type1/public/amsfonts/cm/cmr17.pfb><f:/texlive/2020/texmf-dist/fonts/type1/public/amsfonts/cm/cmti12.pfb>
Output written on e:/Notes/TaoTeChing/TaoTeChing.pdf (90 pages, 110585 bytes).
PDF statistics:
 524 PDF objects out of 1000 (max. 8388607)
 422 compressed objects within 5 object streams
 170 named destinations out of 1000 (max. 500000)
 1 words of extra memory for PDF output out of 10000 (max. 10000000)

